<?xml version="1.0" encoding="UTF-8"?>
<!-- Generated by org.testng.reporters.JUnitReportReporter -->
<testsuite hostname="RUGOLLAP-M-0G97" failures="0" tests="1" name="testRunner.TestRunner" time="32.559" errors="0" timestamp="2023-12-15T21:23:01 IST" skipped="0">
  <testcase classname="testRunner.TestRunner" name="runScenario" time="32.559"/>
  <system-out/>
</testsuite> <!-- testRunner.TestRunner -->
